Assuming unrestricted shared filesystem usage.
host: Moritz-Idea
Building DAG of jobs...
Provided cores: 4
Rules claiming more threads will be scaled down.
Job stats:
job            count
-----------  -------
msa                1
msa_summary        1
all                1
total              3

Select jobs to execute...
Execute 1 jobs...
[Fri Mar 27 03:35:06 2026]
localrule msa:
    input: data/cleaned.fasta
    output: results/msa.fasta
    log: logs/msa.log
    jobid: 5
    reason: Missing output files: results/msa.fasta
    resources: tmpdir=C:\Users\Morit\AppData\Local\Temp
[Fri Mar 27 03:35:08 2026]
Finished jobid: 5 (Rule: msa)
1 of 3 steps (33%) done
Select jobs to execute...
Execute 1 jobs...
[Fri Mar 27 03:35:08 2026]
localrule msa_summary:
    input: results/msa.fasta
    output: results/msa_summary.csv
    log: logs/msa_summary.log
    jobid: 6
    reason: Missing output files: results/msa_summary.csv; Input files updated by another job: results/msa.fasta
    resources: tmpdir=C:\Users\Morit\AppData\Local\Temp
[Fri Mar 27 03:35:10 2026]
Finished jobid: 6 (Rule: msa_summary)
2 of 3 steps (67%) done
Select jobs to execute...
Execute 1 jobs...
[Fri Mar 27 03:35:10 2026]
localrule all:
    input: results/report.csv, results/msa.fasta, results/msa_summary.csv
    jobid: 0
    reason: Input files updated by another job: results/msa.fasta, results/msa_summary.csv
    resources: tmpdir=C:\Users\Morit\AppData\Local\Temp
[Fri Mar 27 03:35:10 2026]
Finished jobid: 0 (Rule: all)
3 of 3 steps (100%) done
Complete log(s): C:\Users\Morit\Desktop\Projekte\nanobody-analysis-snakemake\.snakemake\log\2026-03-27T033504.616838.snakemake.log
